Determining if the function accept4 exists failed with the following output:
Change Dir: E:/muduo/CMakeFiles/CMakeTmp

Run Build Command:"C:/Program Files (x86)/MSBuild/12.0/bin/MSBuild.exe" "cmTryCompileExec3371139146.vcxproj" "/p:Configuration=Debug" "/p:VisualStudioVersion=12.0"
Microsoft(R) 生成引擎版本 12.0.21005.1
[Microsoft .NET Framework 版本 4.0.30319.18444]
版权所有 (C) Microsoft Corporation。保留所有权利。

生成启动时间为 2016/2/17 17:50:26。
节点 1 上的项目“E:\muduo\CMakeFiles\CMakeTmp\cmTryCompileExec3371139146.vcxproj”(默认目标)。
PrepareForBuild:
  正在创建目录“cmTryCompileExec3371139146.dir\Debug\”。
  正在创建目录“E:\muduo\CMakeFiles\CMakeTmp\Debug\”。
  正在创建目录“cmTryCompileExec3371139146.dir\Debug\cmTryCom.9A6FDBFA.tlog\”。
InitializeBuildStatus:
  正在创建“cmTryCompileExec3371139146.dir\Debug\cmTryCom.9A6FDBFA.tlog\unsuccessfulbuild”，因为已指定“AlwaysCreate”。
ClCompile:
  C:\Program Files (x86)\Microsoft Visual Studio 12.0\VC\bin\CL.exe /c /Zi /W3 /WX- /Od /Ob0 /Oy- /D WIN32 /D _WINDOWS /D CHECK_FUNCTION_EXISTS=accept4 /D _DEBUG /D "CMAKE_INTDIR=\"Debug\"" /D _MBCS /Gm- /RTC1 /MDd /GS /fp:precise /Zc:wchar_t /Zc:forScope /Fo"cmTryCompileExec3371139146.dir\Debug\\" /Fd"cmTryCompileExec3371139146.dir\Debug\vc120.pdb" /Gd /TC /analyze- /errorReport:queue "c:\Program Files (x86)\cmake-3.0.1-win32-x86\share\cmake-3.0\Modules\CheckFunctionExists.c"
  Microsoft (R) C/C++ Optimizing Compiler Version 18.00.21005.1 for x86
  Copyright (C) Microsoft Corporation.  All rights reserved.
  
  cl /c /Zi /W3 /WX- /Od /Ob0 /Oy- /D WIN32 /D _WINDOWS /D CHECK_FUNCTION_EXISTS=accept4 /D _DEBUG /D "CMAKE_INTDIR=\"Debug\"" /D _MBCS /Gm- /RTC1 /MDd /GS /fp:precise /Zc:wchar_t /Zc:forScope /Fo"cmTryCompileExec3371139146.dir\Debug\\" /Fd"cmTryCompileExec3371139146.dir\Debug\vc120.pdb" /Gd /TC /analyze- /errorReport:queue "c:\Program Files (x86)\cmake-3.0.1-win32-x86\share\cmake-3.0\Modules\CheckFunctionExists.c"
  
  CheckFunctionExists.c
Link:
  C:\Program Files (x86)\Microsoft Visual Studio 12.0\VC\bin\link.exe /ERRORREPORT:QUEUE /OUT:"E:\muduo\CMakeFiles\CMakeTmp\Debug\cmTryCompileExec3371139146.exe" /INCREMENTAL /NOLOGO kernel32.lib user32.lib gdi32.lib winspool.lib shell32.lib ole32.lib oleaut32.lib uuid.lib comdlg32.lib advapi32.lib /MANIFEST /MANIFESTUAC:"level='asInvoker' uiAccess='false'" /manifest:embed /DEBUG /PDB:"E:/muduo/CMakeFiles/CMakeTmp/Debug/cmTryCompileExec3371139146.pdb" /SUBSYSTEM:CONSOLE /TLBID:1 /DYNAMICBASE /NXCOMPAT /IMPLIB:"E:/muduo/CMakeFiles/CMakeTmp/Debug/cmTryCompileExec3371139146.lib" /MACHINE:X86 /SAFESEH  /machine:X86 /debug cmTryCompileExec3371139146.dir\Debug\CheckFunctionExists.obj
CheckFunctionExists.obj : error LNK2019: unresolved external symbol _accept4 referenced in function _main [E:\muduo\CMakeFiles\CMakeTmp\cmTryCompileExec3371139146.vcxproj]
E:\muduo\CMakeFiles\CMakeTmp\Debug\cmTryCompileExec3371139146.exe : fatal error LNK1120: 1 unresolved externals [E:\muduo\CMakeFiles\CMakeTmp\cmTryCompileExec3371139146.vcxproj]
已完成生成项目“E:\muduo\CMakeFiles\CMakeTmp\cmTryCompileExec3371139146.vcxproj”(默认目标)的操作 - 失败。

生成失败。

“E:\muduo\CMakeFiles\CMakeTmp\cmTryCompileExec3371139146.vcxproj”(默认目标) (1) ->
(Link 目标) -> 
  CheckFunctionExists.obj : error LNK2019: unresolved external symbol _accept4 referenced in function _main [E:\muduo\CMakeFiles\CMakeTmp\cmTryCompileExec3371139146.vcxproj]
  E:\muduo\CMakeFiles\CMakeTmp\Debug\cmTryCompileExec3371139146.exe : fatal error LNK1120: 1 unresolved externals [E:\muduo\CMakeFiles\CMakeTmp\cmTryCompileExec3371139146.vcxproj]

    0 个警告
    2 个错误

已用时间 00:00:00.53


